TN:
SF:src\App.tsx
FN:1,(empty-report)
FNF:1
FNH:1
FNDA:1,(empty-report)
DA:2,0
DA:4,0
DA:5,0
DA:6,0
DA:7,0
DA:8,0
DA:10,0
DA:12,0
LF:8
LH:0
BRDA:1,0,0,1
BRF:1
BRH:1
end_of_record
TN:
SF:src\main.tsx
FN:1,(empty-report)
FNF:1
FNH:0
FNDA:0,(empty-report)
DA:1,0
DA:2,0
DA:3,0
DA:4,0
DA:6,0
DA:7,0
DA:8,0
DA:9,0
DA:10,0
DA:11,0
LF:10
LH:0
BRDA:1,0,0,0
BRF:1
BRH:0
end_of_record
TN:
SF:src\api\apiClient.ts
FNF:0
FNH:0
DA:1,1
DA:3,1
DA:4,1
DA:5,1
DA:6,1
DA:7,1
DA:8,1
DA:10,1
LF:8
LH:8
BRF:0
BRH:0
end_of_record
TN:
SF:src\api\leadsApi.ts
FN:4,getLeads
FN:9,getLeadsByStatus
FN:14,acceptLead
FN:18,declineLead
FNF:4
FNH:0
FNDA:0,getLeads
FNDA:0,getLeadsByStatus
FNDA:0,acceptLead
FNDA:0,declineLead
DA:2,1
DA:4,1
DA:5,0
DA:6,0
DA:7,0
DA:9,1
DA:10,0
DA:11,0
DA:12,0
DA:14,1
DA:15,0
DA:16,0
DA:18,1
DA:19,0
DA:20,0
LF:15
LH:5
BRF:0
BRH:0
end_of_record
TN:
SF:src\components\Button\Button.tsx
FN:14,Button
FNF:1
FNH:1
FNDA:19,Button
DA:2,1
DA:3,1
DA:14,1
DA:15,19
DA:16,19
DA:17,19
DA:18,19
DA:19,19
DA:20,19
DA:21,19
DA:22,19
DA:23,19
DA:24,19
DA:25,19
DA:26,19
DA:27,19
DA:28,19
DA:29,19
DA:30,19
DA:32,19
DA:33,19
DA:35,19
DA:37,1
LF:23
LH:23
BRDA:14,0,0,19
BRDA:29,1,0,16
BRDA:29,2,0,3
BRF:3
BRH:3
end_of_record
TN:
SF:src\components\Icon\Location.tsx
FN:5,SvgLocation
FN:27,LocationIcon
FNF:2
FNH:2
FNDA:9,SvgLocation
FNDA:9,LocationIcon
DA:5,1
DA:6,9
DA:7,9
DA:8,9
DA:9,9
DA:10,9
DA:12,9
DA:13,9
DA:14,9
DA:15,9
DA:16,9
DA:17,9
DA:18,9
DA:19,9
DA:20,9
DA:21,9
DA:22,9
DA:23,9
DA:24,9
DA:27,1
DA:28,9
DA:29,9
DA:31,1
LF:23
LH:23
BRDA:5,0,0,9
BRDA:27,1,0,9
BRF:2
BRH:2
end_of_record
TN:
SF:src\components\Icon\Mail.tsx
FN:5,SvgMail
FN:43,MailIcon
FNF:2
FNH:2
FNDA:1,SvgMail
FNDA:1,MailIcon
DA:5,1
DA:6,1
DA:7,1
DA:8,1
DA:9,1
DA:10,1
DA:11,1
DA:12,1
DA:13,1
DA:14,1
DA:16,1
DA:17,1
DA:34,1
DA:35,1
DA:36,1
DA:37,1
DA:38,1
DA:39,1
DA:40,1
DA:43,1
DA:44,1
DA:45,1
DA:47,1
LF:23
LH:23
BRDA:5,0,0,1
BRDA:43,1,0,1
BRF:2
BRH:2
end_of_record
TN:
SF:src\components\Icon\Phone.tsx
FN:5,SvgPhone
FN:23,PhoneIcon
FNF:2
FNH:2
FNDA:2,SvgPhone
FNDA:2,PhoneIcon
DA:5,1
DA:6,2
DA:7,2
DA:8,2
DA:9,2
DA:10,2
DA:11,2
DA:13,2
DA:14,2
DA:15,2
DA:16,2
DA:17,2
DA:18,2
DA:19,2
DA:20,2
DA:23,1
DA:24,2
DA:25,2
DA:27,1
LF:19
LH:19
BRDA:5,0,0,2
BRDA:23,1,0,2
BRF:2
BRH:2
end_of_record
TN:
SF:src\components\Icon\Work.tsx
FN:5,SvgWork
FN:25,WorkIcon
FNF:2
FNH:2
FNDA:9,SvgWork
FNDA:9,WorkIcon
DA:5,1
DA:6,9
DA:7,9
DA:8,9
DA:9,9
DA:10,9
DA:11,9
DA:12,9
DA:13,9
DA:15,9
DA:16,9
DA:17,9
DA:20,9
DA:21,9
DA:22,9
DA:25,1
DA:26,9
DA:27,9
DA:29,1
LF:19
LH:19
BRDA:5,0,0,9
BRDA:25,1,0,9
BRF:2
BRH:2
end_of_record
TN:
SF:src\components\JobInvitationCard\JobInvitationCard.tsx
FN:19,JobInvitationCard
FN:97,onClick
FN:98,onClick
FNF:3
FNH:3
FNDA:10,JobInvitationCard
FNDA:2,onClick
FNDA:2,onClick
DA:2,1
DA:3,1
DA:4,1
DA:6,1
DA:7,1
DA:8,1
DA:9,1
DA:10,1
DA:19,1
DA:20,10
DA:21,10
DA:22,10
DA:23,10
DA:24,10
DA:25,10
DA:26,10
DA:27,10
DA:28,10
DA:29,10
DA:30,10
DA:31,10
DA:32,10
DA:33,10
DA:34,10
DA:35,10
DA:36,10
DA:37,10
DA:38,10
DA:39,10
DA:40,10
DA:41,10
DA:42,10
DA:43,10
DA:44,10
DA:45,10
DA:46,10
DA:47,10
DA:48,10
DA:49,10
DA:50,10
DA:51,10
DA:52,10
DA:53,10
DA:54,10
DA:55,10
DA:56,10
DA:57,10
DA:58,1
DA:59,1
DA:60,1
DA:62,10
DA:63,10
DA:64,10
DA:65,10
DA:66,1
DA:67,1
DA:68,1
DA:69,1
DA:70,1
DA:71,1
DA:72,1
DA:73,1
DA:74,1
DA:75,1
DA:76,1
DA:77,1
DA:78,1
DA:79,1
DA:80,1
DA:81,1
DA:82,1
DA:83,1
DA:84,1
DA:85,1
DA:86,1
DA:87,1
DA:88,1
DA:89,1
DA:90,1
DA:92,8
DA:93,8
DA:94,8
DA:95,8
DA:96,8
DA:97,8
DA:98,8
DA:99,8
DA:100,8
DA:101,8
DA:102,8
DA:103,8
DA:104,8
DA:105,8
DA:106,8
DA:108,10
DA:110,10
DA:112,1
LF:97
LH:97
BRDA:19,0,0,10
BRDA:57,1,0,1
BRDA:65,2,0,1
BRDA:74,3,0,0
BRDA:84,4,0,0
BRDA:90,5,0,8
BRDA:97,6,0,2
BRDA:98,7,0,2
BRF:8
BRH:6
end_of_record
TN:
SF:src\components\Tabs\Tabs.tsx
FN:10,Tabs
FN:13,handleTabClick
FN:25,onClick
FNF:3
FNH:3
FNDA:19,Tabs
FNDA:3,handleTabClick
FNDA:3,onClick
DA:1,1
DA:2,1
DA:10,1
DA:11,19
DA:13,19
DA:14,3
DA:15,3
DA:16,3
DA:18,19
DA:19,19
DA:20,19
DA:21,19
DA:22,36
DA:23,36
DA:24,36
DA:25,36
DA:27,36
DA:28,36
DA:29,36
DA:30,36
DA:31,19
DA:32,19
DA:33,19
DA:34,19
DA:36,19
DA:38,1
LF:26
LH:26
BRDA:10,0,0,19
BRDA:13,1,0,3
BRDA:21,2,0,36
BRDA:24,3,0,18
BRDA:24,4,0,18
BRDA:29,5,0,18
BRDA:25,6,0,3
BRF:7
BRH:7
end_of_record
TN:
SF:src\pages\JobInvitations\JobInvitations.tsx
FN:9,JobInvitations
FN:41,handleAccept
FN:53,handleDecline
FNF:3
FNH:3
FNDA:17,JobInvitations
FNDA:1,handleAccept
FNDA:1,handleDecline
DA:1,1
DA:2,1
DA:3,1
DA:4,1
DA:5,1
DA:7,1
DA:9,1
DA:10,17
DA:11,17
DA:12,17
DA:13,17
DA:14,17
DA:16,17
DA:17,7
DA:18,7
DA:19,7
DA:20,6
DA:21,7
DA:22,1
DA:23,1
DA:24,7
DA:25,0
DA:26,0
DA:27,0
DA:28,17
DA:30,17
DA:31,11
DA:32,4
DA:33,4
DA:34,11
DA:35,1
DA:36,1
DA:37,1
DA:38,17
DA:41,17
DA:42,1
DA:43,1
DA:44,1
DA:45,1
DA:46,1
DA:47,1
DA:48,0
DA:49,0
DA:50,0
DA:51,1
DA:53,17
DA:54,1
DA:55,1
DA:56,1
DA:57,1
DA:58,1
DA:59,0
DA:60,0
DA:61,0
DA:62,1
DA:64,17
DA:66,17
DA:67,17
DA:68,17
DA:69,17
DA:70,17
DA:71,17
DA:73,17
DA:74,17
DA:75,17
DA:76,6
DA:77,6
DA:78,6
DA:79,6
DA:80,6
DA:81,6
DA:82,6
DA:83,17
DA:84,17
DA:85,17
DA:86,17
DA:87,6
DA:88,6
DA:89,6
DA:90,6
DA:91,6
DA:92,6
DA:93,6
DA:94,17
DA:95,17
DA:96,17
DA:97,17
DA:98,17
DA:99,17
DA:101,17
DA:103,1
LF:91
LH:82
BRDA:9,0,0,17
BRDA:64,1,0,13
BRDA:64,2,0,3
BRDA:16,3,0,7
BRDA:19,4,0,6
BRDA:21,5,0,1
BRDA:24,6,0,0
BRDA:30,7,0,11
BRDA:31,8,0,9
BRDA:31,9,0,4
BRDA:34,10,0,7
BRDA:34,11,0,2
BRDA:34,12,0,1
BRDA:41,13,0,1
BRDA:47,14,0,0
BRDA:53,15,0,1
BRDA:58,16,0,0
BRDA:75,17,0,6
BRDA:86,18,0,6
BRF:19
BRH:16
end_of_record
TN:
SF:src\shared\utils\format.ts
FN:3,formatDate
FN:8,darkenColor
FNF:2
FNH:2
FNDA:9,formatDate
FNDA:16,darkenColor
DA:1,1
DA:3,1
DA:4,9
DA:5,9
DA:6,9
DA:8,1
DA:9,16
DA:11,16
DA:12,16
DA:13,16
DA:15,16
DA:16,16
DA:17,16
DA:19,16
DA:20,16
DA:21,16
DA:23,16
DA:24,16
DA:25,16
LF:19
LH:19
BRDA:3,0,0,9
BRDA:5,1,0,9
BRDA:8,2,0,16
BRDA:9,3,0,0
BRF:4
BRH:3
end_of_record
TN:
SF:src\types\leadsType.ts
FN:1,(empty-report)
FNF:1
FNH:1
FNDA:1,(empty-report)
LF:0
LH:0
BRDA:1,0,0,1
BRF:1
BRH:1
end_of_record
